[2020-04-11 16:01:54] [INFORMACIÓN] Iniciando Servidor 
[2020-04-11 16:01:56] [INFORMACIÓN] Servidor Iniciado, escuchando en puerto: 9000 
[2020-04-11 16:10:44] [INFORMACIÓN] Iniciando Servidor 
[2020-04-11 16:10:45] [INFORMACIÓN] Servidor Iniciado, escuchando en puerto: 9000 
[2020-04-11 16:13:53] [INFORMACIÓN] Iniciando Servidor 
[2020-04-11 16:13:54] [INFORMACIÓN] Servidor Iniciado, escuchando en puerto: 9000 
[2020-04-11 16:18:02] [INFORMACIÓN] Iniciando Servidor 
[2020-04-11 16:18:04] [INFORMACIÓN] Servidor Iniciado, escuchando en puerto: 9000 
[2020-04-11 16:20:55] [INFORMACIÓN] Iniciando Servidor 
[2020-04-11 16:20:56] [INFORMACIÓN] Servidor Iniciado, escuchando en puerto: 9000 
[2020-04-11 16:24:29] [INFORMACIÓN] Iniciando Servidor 
[2020-04-11 16:24:30] [INFORMACIÓN] Servidor Iniciado, escuchando en puerto: 9000 
[2020-04-11 16:40:44] [INFORMACIÓN] Iniciando Servidor 
[2020-04-11 16:40:45] [INFORMACIÓN] Servidor Iniciado, escuchando en puerto: 9000 
[2020-04-11 16:42:59] [INFORMACIÓN] Iniciando Servidor 
[2020-04-11 16:43:00] [INFORMACIÓN] Servidor Iniciado, escuchando en puerto: 9000 
[2020-04-11 16:44:46] [INFORMACIÓN] Iniciando Servidor 
[2020-04-11 16:44:46] [INFORMACIÓN] Servidor Iniciado, escuchando en puerto: 9000 
[2020-04-11 16:48:30] [INFORMACIÓN] Iniciando Servidor 
[2020-04-11 16:48:31] [INFORMACIÓN] Servidor Iniciado, escuchando en puerto: 9000 
[2020-04-11 16:48:57] [INFORMACIÓN] Iniciando Servidor 
[2020-04-11 16:48:58] [INFORMACIÓN] Servidor Iniciado, escuchando en puerto: 9000 
[2020-04-11 16:50:45] [INFORMACIÓN] Iniciando Servidor 
[2020-04-11 16:50:46] [INFORMACIÓN] Servidor Iniciado, escuchando en puerto: 9000 
[2020-04-11 16:53:09] [INFORMACIÓN] Iniciando Servidor 
[2020-04-11 16:53:10] [INFORMACIÓN] Servidor Iniciado, escuchando en puerto: 9000 
[2020-04-11 17:04:39] [INFORMACIÓN] Iniciando Servidor 
[2020-04-11 17:04:39] [INFORMACIÓN] Servidor Iniciado, escuchando en puerto: 9000 
[2020-04-11 17:06:40] [INFORMACIÓN] Iniciando Servidor 
[2020-04-11 17:06:41] [INFORMACIÓN] Servidor Iniciado, escuchando en puerto: 9000 
[2020-04-11 17:07:06] [INFORMACIÓN] Iniciando Servidor 
[2020-04-11 17:07:07] [INFORMACIÓN] Servidor Iniciado, escuchando en puerto: 9000 
[2020-04-11 17:08:31] [INFORMACIÓN] Iniciando Servidor 
[2020-04-11 17:08:32] [INFORMACIÓN] Servidor Iniciado, escuchando en puerto: 9000 
[2020-04-11 17:09:40] [INFORMACIÓN] Iniciando Servidor 
[2020-04-11 17:09:41] [INFORMACIÓN] Servidor Iniciado, escuchando en puerto: 9000 
[2020-04-11 17:23:56] [INFORMACIÓN] Iniciando Servidor 
[2020-04-11 17:23:57] [INFORMACIÓN] Servidor Iniciado, escuchando en puerto: 9000 
[2020-04-11 17:25:19] [INFORMACIÓN] Iniciando Servidor 
[2020-04-11 17:25:20] [INFORMACIÓN] Servidor Iniciado, escuchando en puerto: 9000 
[2020-04-11 17:26:15] [INFORMACIÓN] Iniciando Servidor 
[2020-04-11 17:26:16] [INFORMACIÓN] Servidor Iniciado, escuchando en puerto: 9000 
[2020-04-11 17:28:49] [INFORMACIÓN] Iniciando Servidor 
[2020-04-11 17:28:50] [INFORMACIÓN] Servidor Iniciado, escuchando en puerto: 9000 
[2020-04-11 17:30:33] [INFORMACIÓN] Iniciando Servidor 
[2020-04-11 17:30:34] [INFORMACIÓN] Servidor Iniciado, escuchando en puerto: 9000 
[2020-04-11 17:31:49] [INFORMACIÓN] Iniciando Servidor 
[2020-04-11 17:31:50] [INFORMACIÓN] Servidor Iniciado, escuchando en puerto: 9000 
[2020-04-11 17:34:14] [INFORMACIÓN] Iniciando Servidor 
[2020-04-11 17:34:15] [INFORMACIÓN] Servidor Iniciado, escuchando en puerto: 9000 
[2020-04-11 17:34:20] [INFORMACIÓN] Ejecutando class Ej7.tareasgenericas.NumAleatorio
[2020-04-11 17:34:20] [INFORMACIÓN] Ejecutando class Ej7.tareasgenericas.NumAleatorioPrimo
[2020-04-11 17:34:46] [INFORMACIÓN] Iniciando Servidor 
[2020-04-11 17:34:46] [INFORMACIÓN] Servidor Iniciado, escuchando en puerto: 9000 
[2020-04-11 17:34:52] [INFORMACIÓN] Ejecutando Ej7.tareasgenericas.NumAleatorio
[2020-04-11 17:34:52] [INFORMACIÓN] Ejecutando Ej7.tareasgenericas.NumAleatorioPrimo
[2020-04-11 17:35:19] [INFORMACIÓN] Iniciando Servidor 
[2020-04-11 17:35:20] [INFORMACIÓN] Servidor Iniciado, escuchando en puerto: 9000 
[2020-04-11 17:35:26] [INFORMACIÓN] Ejecutando NumAleatorio 
[2020-04-11 17:35:26] [INFORMACIÓN] Ejecutando NumAleatorioPrimo 
[2020-04-11 17:36:43] [INFORMACIÓN] Iniciando Servidor 
[2020-04-11 17:36:44] [INFORMACIÓN] Servidor Iniciado, escuchando en puerto: 9000 
[2020-04-11 17:36:50] [INFORMACIÓN] Ejecutando NumAleatorio 
[2020-04-11 17:36:50] [INFORMACIÓN] Resulado obtenido: 4539 
[2020-04-11 17:36:50] [INFORMACIÓN] Ejecutando NumAleatorioPrimo 
[2020-04-11 17:36:50] [INFORMACIÓN] Resulado obtenido: 5711 
[2020-04-11 17:38:55] [INFORMACIÓN] Iniciando Servidor 
[2020-04-11 17:38:56] [INFORMACIÓN] Servidor Iniciado, escuchando en puerto: 9000 
[2020-04-11 17:39:25] [INFORMACIÓN] Ejecutando NumAleatorio 
[2020-04-11 17:39:25] [INFORMACIÓN] Resulado obtenido de : NumAleatorio : 1828 
[2020-04-11 17:39:25] [INFORMACIÓN] Ejecutando NumAleatorioPrimo 
[2020-04-11 17:39:25] [INFORMACIÓN] Resulado obtenido de : NumAleatorioPrimo : 653 
[2020-04-11 17:41:28] [INFORMACIÓN] Iniciando Servidor 
[2020-04-11 17:41:29] [INFORMACIÓN] Servidor Iniciado, escuchando en puerto: 9000 
[2020-04-11 17:41:34] [INFORMACIÓN] Ejecutando NumAleatorio 
[2020-04-11 17:41:34] [INFORMACIÓN] Resulado obtenido de : NumAleatorio : 2106 
[2020-04-11 17:41:34] [INFORMACIÓN] Ejecutando NumAleatorioPrimo 
[2020-04-11 17:41:34] [INFORMACIÓN] Resulado obtenido de : NumAleatorioPrimo : 2711 
[2020-04-11 17:50:48] [INFORMACIÓN] Iniciando Servidor 
[2020-04-11 17:50:49] [INFORMACIÓN] Servidor Iniciado, escuchando en puerto: 9000 
[2020-04-11 17:50:56] [INFORMACIÓN] Ejecutando NumAleatorio 
[2020-04-11 17:50:56] [INFORMACIÓN] Resulado obtenido de : NumAleatorio : 657 
[2020-04-11 17:50:56] [INFORMACIÓN] Ejecutando NumAleatorioPrimo 
[2020-04-11 17:50:56] [INFORMACIÓN] Resulado obtenido de : NumAleatorioPrimo : 7057 
[2020-04-12 14:07:25] [INFORMACIÓN] Iniciando Servidor 
[2020-04-12 14:07:26] [INFORMACIÓN] Servidor Iniciado, escuchando en puerto: 9001 
[2020-04-12 14:07:31] [INFORMACIÓN] Ejecutando NumAleatorio 
[2020-04-12 14:07:31] [INFORMACIÓN] Resulado obtenido de : NumAleatorio : 7054 
[2020-04-12 14:07:31] [INFORMACIÓN] Ejecutando NumAleatorioPrimo 
[2020-04-12 14:07:31] [INFORMACIÓN] Resulado obtenido de : NumAleatorioPrimo : 4643 
[2020-04-12 14:07:50] [INFORMACIÓN] Iniciando Servidor 
[2020-04-12 14:07:51] [INFORMACIÓN] Servidor Iniciado, escuchando en puerto: 9001 
[2020-04-12 14:07:56] [INFORMACIÓN] Ejecutando NumAleatorio 
[2020-04-12 14:07:56] [INFORMACIÓN] Resulado obtenido de : NumAleatorio : 3769 
[2020-04-12 14:07:56] [INFORMACIÓN] Ejecutando NumAleatorioPrimo 
[2020-04-12 14:07:56] [INFORMACIÓN] Resulado obtenido de : NumAleatorioPrimo : 443 
[2020-04-12 14:11:51] [INFORMACIÓN] Iniciando Servidor 
[2020-04-12 14:11:51] [INFORMACIÓN] Servidor Iniciado, escuchando en puerto: 9001 
[2020-04-12 14:11:56] [INFORMACIÓN] Ejecutando NumAleatorio 
[2020-04-12 14:11:56] [INFORMACIÓN] Resulado obtenido de : NumAleatorio : 2232 
[2020-04-12 14:11:56] [INFORMACIÓN] Ejecutando NumAleatorioPrimo 
[2020-04-12 14:11:56] [INFORMACIÓN] Resulado obtenido de : NumAleatorioPrimo : 1747 
[2020-04-12 14:12:49] [INFORMACIÓN] Iniciando Servidor 
[2020-04-12 14:12:50] [INFORMACIÓN] Servidor Iniciado, escuchando en puerto: 9001 
[2020-04-12 14:12:55] [INFORMACIÓN] Ejecutando NumAleatorio 
[2020-04-12 14:12:55] [INFORMACIÓN] Resulado obtenido de : NumAleatorio : 8472 
[2020-04-12 14:12:55] [INFORMACIÓN] Ejecutando NumAleatorioPrimo 
[2020-04-12 14:12:55] [INFORMACIÓN] Resulado obtenido de : NumAleatorioPrimo : 8537 
[2020-04-12 14:12:55] [INFORMACIÓN] Ejecutando NumPiPrecision 
[2020-04-12 14:12:55] [INFORMACIÓN] Resulado obtenido de : NumPiPrecision : 3.1415927 
[2020-04-12 14:13:44] [INFORMACIÓN] Iniciando Servidor 
[2020-04-12 14:13:45] [INFORMACIÓN] Servidor Iniciado, escuchando en puerto: 9001 
[2020-04-12 14:13:49] [INFORMACIÓN] Ejecutando NumAleatorio 
[2020-04-12 14:13:49] [INFORMACIÓN] Resulado obtenido de : NumAleatorio : 8140 
[2020-04-12 14:13:49] [INFORMACIÓN] Ejecutando NumAleatorioPrimo 
[2020-04-12 14:13:49] [INFORMACIÓN] Resulado obtenido de : NumAleatorioPrimo : 739 
[2020-04-12 14:13:49] [INFORMACIÓN] Ejecutando NumPiPrecision 
[2020-04-12 14:13:49] [INFORMACIÓN] Resulado obtenido de : NumPiPrecision : 3.14 
[2020-04-12 14:14:03] [INFORMACIÓN] Iniciando Servidor 
[2020-04-12 14:14:04] [INFORMACIÓN] Servidor Iniciado, escuchando en puerto: 9001 
[2020-04-12 14:14:08] [INFORMACIÓN] Ejecutando NumAleatorio 
[2020-04-12 14:14:08] [INFORMACIÓN] Resulado obtenido de : NumAleatorio : 8311 
[2020-04-12 14:14:08] [INFORMACIÓN] Ejecutando NumAleatorioPrimo 
[2020-04-12 14:14:08] [INFORMACIÓN] Resulado obtenido de : NumAleatorioPrimo : 683 
[2020-04-12 14:14:08] [INFORMACIÓN] Ejecutando NumPiPrecision 
[2020-04-12 14:14:08] [INFORMACIÓN] Resulado obtenido de : NumPiPrecision : 3.1415927 
[2020-04-12 14:24:13] [INFORMACIÓN] Iniciando Servidor 
[2020-04-12 14:24:14] [INFORMACIÓN] Servidor Iniciado, escuchando en puerto: 9001 
[2020-04-12 14:24:23] [INFORMACIÓN] Ejecutando NumAleatorio 
[2020-04-12 14:24:23] [INFORMACIÓN] Resulado obtenido de : NumAleatorio : 6246 
[2020-04-12 14:24:30] [INFORMACIÓN] Ejecutando NumAleatorioPrimo 
[2020-04-12 14:24:30] [INFORMACIÓN] Resulado obtenido de : NumAleatorioPrimo : 4679 
[2020-04-12 14:25:09] [INFORMACIÓN] Ejecutando NumAleatorioPrimo 
[2020-04-12 14:25:09] [INFORMACIÓN] Resulado obtenido de : NumAleatorioPrimo : 2099 
[2020-04-12 14:25:25] [INFORMACIÓN] Ejecutando NumPiPrecision 
[2020-04-12 14:25:25] [INFORMACIÓN] Resulado obtenido de : NumPiPrecision : 3.141 
[2020-04-12 15:55:32] [INFO] Iniciando Servidor 
[2020-04-12 15:55:33] [INFO] Servidor Iniciado, escuchando en puerto: 9001 
[2020-04-12 15:55:54] [INFO] Ejecutando NumAleatorio 
[2020-04-12 15:55:54] [INFO] Resulado obtenido de : NumAleatorio : 7474 
[2020-04-12 15:55:57] [INFO] Ejecutando NumAleatorioPrimo 
[2020-04-12 15:55:57] [INFO] Resulado obtenido de : NumAleatorioPrimo : 1483 
[2020-04-12 15:55:59] [INFO] Ejecutando NumAleatorioPrimo 
[2020-04-12 15:55:59] [INFO] Resulado obtenido de : NumAleatorioPrimo : 953 
[2020-04-12 15:56:01] [INFO] Ejecutando NumPiPrecision 
[2020-04-12 15:56:01] [INFO] Resulado obtenido de : NumPiPrecision : 3.14 
[2020-04-12 15:56:04] [INFO] Ejecutando NumPiPrecision 
[2020-04-12 15:56:04] [INFO] Resulado obtenido de : NumPiPrecision : 3.141 
[2020-04-12 16:24:57] [INFO] Iniciando Servidor 
[2020-04-12 16:24:57] [INFO] Servidor Iniciado, escuchando en puerto: 9001 
[2020-04-12 16:25:11] [INFO] Ejecutando NumAleatorio 
[2020-04-12 16:25:11] [INFO] Resulado obtenido de : NumAleatorio : 3557 
[2020-04-12 16:25:12] [INFO] Ejecutando NumAleatorioPrimo 
[2020-04-12 16:25:12] [INFO] Resulado obtenido de : NumAleatorioPrimo : 8017 
[2020-04-12 16:25:14] [INFO] Ejecutando NumPiPrecision 
[2020-04-12 16:25:14] [INFO] Resulado obtenido de : NumPiPrecision : 3.141 
