[2020-05-21 19:13:41] [INFORMACI칍N] Iniciando Servidor en puerto: 8000 
[2020-05-21 19:14:35] [INFORMACI칍N] Cliente conectado : 127.0.0.1:49167 
[2020-05-21 19:14:35] [INFORMACI칍N] El cliente ingreso : 2 a procesar la imagen. 
[2020-05-21 19:14:35] [INFORMACI칍N] Se necesitar치n : 9003 PROCESOS 
[2020-05-21 19:14:35] [INFORMACI칍N] Crendo nueva : 0 instancia de ServidorImpl 
[2020-05-21 19:14:36] [INFORMACI칍N] Crendo nueva : 1 instancia de ServidorImpl 
[2020-05-21 19:14:36] [INFORMACI칍N] Registrando en puerto : 9001 
[2020-05-21 19:14:36] [INFORMACI칍N] Registrando en puerto : 9002 
[2020-05-21 19:14:36] [INFORMACI칍N] Estado del puerto :9001 es :OK 
[2020-05-21 19:14:36] [INFORMACI칍N] Forzando la falla de un proceso 
[2020-05-21 19:14:36] [INFORMACI칍N] Estado del puerto :9002 es :FALLA 
[2020-05-21 19:14:36] [INFORMACI칍N] Fallo un proceso, se solicita proceso auxiliar 
[2020-05-21 19:20:02] [INFORMACI칍N] Iniciando Servidor en puerto: 8000 
[2020-05-21 19:20:11] [INFORMACI칍N] Cliente conectado : 127.0.0.1:49203 
[2020-05-21 19:20:11] [INFORMACI칍N] El cliente desea procesar la imagen en  : 4 partes. 
[2020-05-21 19:20:11] [INFORMACI칍N] Se necesitar치n : 4 PROCESOS 
[2020-05-21 19:20:11] [INFORMACI칍N] Crendo nueva : 0 instancia de ServidorImpl 
[2020-05-21 19:20:12] [INFORMACI칍N] Crendo nueva : 1 instancia de ServidorImpl 
[2020-05-21 19:20:12] [INFORMACI칍N] Crendo nueva : 2 instancia de ServidorImpl 
[2020-05-21 19:20:12] [INFORMACI칍N] Crendo nueva : 3 instancia de ServidorImpl 
[2020-05-21 19:20:12] [INFORMACI칍N] Registrando en puerto : 9001 
[2020-05-21 19:20:12] [INFORMACI칍N] Registrando en puerto : 9002 
[2020-05-21 19:20:12] [INFORMACI칍N] Registrando en puerto : 9003 
[2020-05-21 19:20:12] [INFORMACI칍N] Registrando en puerto : 9004 
[2020-05-21 19:20:12] [INFORMACI칍N] Estado del puerto :9001 es :OK 
[2020-05-21 19:20:12] [INFORMACI칍N] Forzando la falla de un proceso 
[2020-05-21 19:20:12] [INFORMACI칍N] Estado del puerto :9002 es :FALLA 
[2020-05-21 19:20:12] [INFORMACI칍N] Fallo un proceso, se solicita proceso auxiliar 
[2020-05-21 19:20:12] [INFORMACI칍N] Proceso auxiliar en port: 9005 
[2020-05-21 19:20:12] [INFORMACI칍N] Se proceso la parte: 1 de la imagen 
[2020-05-21 19:20:12] [INFORMACI칍N] Estado del puerto :9003 es :OK 
[2020-05-21 19:20:12] [INFORMACI칍N] Estado del puerto :9004 es :OK 
[2020-05-21 19:20:12] [INFORMACI칍N] Finalizo de procesar la imagen 
[2020-05-21 19:28:13] [INFORMACI흁] Iniciando Servidor en puerto: 8000 
[2020-05-21 19:29:50] [INFORMACI흁] Iniciando Servidor en puerto: 8000 
[2020-05-21 19:30:06] [INFORMACI흁] Cliente conectado : 127.0.0.1:49289 
[2020-05-21 19:30:06] [INFORMACI흁] El cliente desea procesar la imagen en  : 4 partes. 
[2020-05-21 19:30:06] [INFORMACI흁] Se necesitar烱 : 4 PROCESOS 
[2020-05-21 19:30:06] [INFORMACI흁] Crendo nueva : 0 instancia de ServidorImpl 
[2020-05-21 19:30:07] [INFORMACI흁] Crendo nueva : 1 instancia de ServidorImpl 
[2020-05-21 19:30:07] [INFORMACI흁] Crendo nueva : 2 instancia de ServidorImpl 
[2020-05-21 19:30:07] [INFORMACI흁] Crendo nueva : 3 instancia de ServidorImpl 
[2020-05-21 19:30:07] [INFORMACI흁] Registrando en puerto : 9001 
[2020-05-21 19:30:07] [INFORMACI흁] Registrando en puerto : 9002 
[2020-05-21 19:30:07] [INFORMACI흁] Registrando en puerto : 9003 
[2020-05-21 19:30:07] [INFORMACI흁] Registrando en puerto : 9004 
[2020-05-21 19:30:07] [INFORMACI흁] Estado del puerto :9001 es : OK 
[2020-05-21 19:30:07] [INFORMACI흁] Forzando la falla de un proceso 
[2020-05-21 19:30:07] [INFORMACI흁] Estado del puerto :9002 es : FALLA 
[2020-05-21 19:30:07] [INFORMACI흁] Fallo un proceso, se solicita proceso auxiliar 
[2020-05-21 19:30:07] [INFORMACI흁] Proceso auxiliar en port: 9005 
[2020-05-21 19:30:07] [INFORMACI흁] Se proceso parte de imagen en proceso auxiliar 
[2020-05-21 19:30:07] [INFORMACI흁] Estado del puerto :9003 es : OK 
[2020-05-21 19:30:07] [INFORMACI흁] Estado del puerto :9004 es : OK 
[2020-05-21 19:30:07] [INFORMACI흁] Finalizo de procesar la imagen 
[2020-05-21 19:38:15] [INFORMACI흁] Iniciando Servidor en puerto: 8000 
[2020-05-21 19:38:29] [INFORMACI흁] Cliente conectado : 127.0.0.1:49346 
[2020-05-21 19:38:29] [INFORMACI흁] El cliente desea procesar la imagen en  : 4 partes. 
[2020-05-21 19:38:29] [INFORMACI흁] Se necesitar烱 : 4 PROCESOS 
[2020-05-21 19:38:29] [INFORMACI흁] Crendo nueva : 0 instancia de ServidorImpl 
[2020-05-21 19:38:30] [INFORMACI흁] Crendo nueva : 1 instancia de ServidorImpl 
[2020-05-21 19:38:30] [INFORMACI흁] Crendo nueva : 2 instancia de ServidorImpl 
[2020-05-21 19:38:30] [INFORMACI흁] Crendo nueva : 3 instancia de ServidorImpl 
[2020-05-21 19:38:30] [INFORMACI흁] Registrando en puerto : 9001 
[2020-05-21 19:38:30] [INFORMACI흁] Registrando en puerto : 9002 
[2020-05-21 19:38:30] [INFORMACI흁] Registrando en puerto : 9003 
[2020-05-21 19:38:30] [INFORMACI흁] Registrando en puerto : 9004 
[2020-05-21 19:38:30] [INFORMACI흁] Estado del puerto :9001 es : OK 
[2020-05-21 19:38:30] [INFORMACI흁] Forzando la falla de un proceso 
[2020-05-21 19:38:30] [INFORMACI흁] Estado del puerto :9002 es : FALLA 
[2020-05-21 19:38:30] [INFORMACI흁] Fallo un proceso, se solicita proceso auxiliar 
[2020-05-21 19:38:30] [INFORMACI흁] Proceso auxiliar en port: 9005 
[2020-05-21 19:38:30] [INFORMACI흁] Se proceso parte de imagen en proceso auxiliar 
[2020-05-21 19:38:30] [INFORMACI흁] Estado del puerto :9003 es : OK 
[2020-05-21 19:38:30] [INFORMACI흁] Estado del puerto :9004 es : OK 
[2020-05-21 19:38:30] [INFORMACI흁] Finalizo de procesar la imagen 
[2020-05-21 19:43:27] [INFORMACI흁] Iniciando Servidor en puerto: 8000 
[2020-05-21 19:43:33] [INFORMACI흁] Cliente conectado : 127.0.0.1:49382 
[2020-05-21 19:43:33] [INFORMACI흁] El cliente desea procesar la imagen en  : 4 partes. 
[2020-05-21 19:43:33] [INFORMACI흁] Se necesitar烱 : 4 PROCESOS 
[2020-05-21 19:43:33] [INFORMACI흁] Crendo nueva : 0 instancia de ServidorImpl 
[2020-05-21 19:43:34] [INFORMACI흁] Crendo nueva : 1 instancia de ServidorImpl 
[2020-05-21 19:43:34] [INFORMACI흁] Crendo nueva : 2 instancia de ServidorImpl 
[2020-05-21 19:43:34] [INFORMACI흁] Crendo nueva : 3 instancia de ServidorImpl 
[2020-05-21 19:43:34] [INFORMACI흁] Registrando en puerto : 9001 
[2020-05-21 19:43:34] [INFORMACI흁] Registrando en puerto : 9002 
[2020-05-21 19:43:34] [INFORMACI흁] Registrando en puerto : 9003 
[2020-05-21 19:43:34] [INFORMACI흁] Registrando en puerto : 9004 
[2020-05-21 19:43:34] [INFORMACI흁] Estado del puerto :9001 es : OK 
[2020-05-21 19:43:34] [INFORMACI흁] Forzando la falla de un proceso 
[2020-05-21 19:43:34] [INFORMACI흁] Estado del puerto :9002 es : FALLA 
[2020-05-21 19:43:34] [INFORMACI흁] Fallo un proceso, se solicita proceso auxiliar 
[2020-05-21 19:43:34] [INFORMACI흁] Proceso auxiliar en port: 9005 
[2020-05-21 19:43:34] [INFORMACI흁] Se proceso parte de imagen en proceso auxiliar 
[2020-05-21 19:43:34] [INFORMACI흁] Estado del puerto :9003 es : OK 
[2020-05-21 19:43:34] [INFORMACI흁] Estado del puerto :9004 es : OK 
[2020-05-21 19:43:34] [INFORMACI흁] Finalizo de procesar la imagen 
[2020-05-21 19:44:52] [INFORMACI흁] Iniciando Servidor en puerto: 8000 
[2020-05-21 19:45:01] [INFORMACI흁] Cliente conectado : 127.0.0.1:49395 
[2020-05-21 19:45:01] [INFORMACI흁] El cliente desea procesar la imagen en  : 4 partes. 
[2020-05-21 19:45:01] [INFORMACI흁] Se necesitar烱 : 4 PROCESOS 
[2020-05-21 19:45:01] [INFORMACI흁] Crendo nueva : 0 instancia de ServidorImpl 
[2020-05-21 19:45:02] [INFORMACI흁] Crendo nueva : 1 instancia de ServidorImpl 
[2020-05-21 19:45:02] [INFORMACI흁] Crendo nueva : 2 instancia de ServidorImpl 
[2020-05-21 19:45:02] [INFORMACI흁] Crendo nueva : 3 instancia de ServidorImpl 
[2020-05-21 19:45:02] [INFORMACI흁] Registrando en puerto : 9001 
[2020-05-21 19:45:02] [INFORMACI흁] Registrando en puerto : 9002 
[2020-05-21 19:45:02] [INFORMACI흁] Registrando en puerto : 9003 
[2020-05-21 19:45:02] [INFORMACI흁] Registrando en puerto : 9004 
[2020-05-21 19:45:02] [INFORMACI흁] Estado del puerto :9001 es : OK 
[2020-05-21 19:45:02] [INFORMACI흁] Forzando la falla de un proceso 
[2020-05-21 19:45:02] [INFORMACI흁] Estado del puerto :9002 es : FALLA 
[2020-05-21 19:45:02] [INFORMACI흁] Fallo un proceso, se solicita proceso auxiliar 
[2020-05-21 19:45:02] [INFORMACI흁] Proceso auxiliar en port: 9005 
[2020-05-21 19:45:02] [INFORMACI흁] Se proceso parte de imagen en proceso auxiliar 
[2020-05-21 19:45:02] [INFORMACI흁] Estado del puerto :9003 es : OK 
[2020-05-21 19:45:02] [INFORMACI흁] Estado del puerto :9004 es : OK 
[2020-05-21 19:45:02] [INFORMACI흁] Finalizo de procesar la imagen 
[2020-05-21 19:51:03] [INFORMACI흁] Iniciando Servidor en puerto: 8000 
[2020-05-21 19:51:15] [INFORMACI흁] Cliente conectado : 127.0.0.1:49455 
[2020-05-21 19:51:15] [INFORMACI흁] El cliente desea procesar la imagen en  : 2 partes. 
[2020-05-21 19:51:15] [INFORMACI흁] Se necesitar烱 : 2 PROCESOS 
[2020-05-21 19:51:15] [INFORMACI흁] Crendo nueva : 0 instancia de ServidorImpl 
[2020-05-21 19:51:16] [INFORMACI흁] Crendo nueva : 1 instancia de ServidorImpl 
[2020-05-21 19:51:16] [INFORMACI흁] Registrando en puerto : 9001 
[2020-05-21 19:51:16] [INFORMACI흁] Registrando en puerto : 9002 
[2020-05-21 19:51:16] [INFORMACI흁] Estado del puerto :9001 es : OK 
[2020-05-21 19:51:16] [INFORMACI흁] Forzando la falla de un proceso 
[2020-05-21 19:51:16] [INFORMACI흁] Estado del puerto :9002 es : FALLA 
[2020-05-21 19:51:16] [INFORMACI흁] Fallo un proceso, se solicita proceso auxiliar 
[2020-05-21 19:51:16] [INFORMACI흁] Proceso auxiliar en port: 9003 
[2020-05-21 19:51:16] [INFORMACI흁] Se proceso parte de imagen en proceso auxiliar 
[2020-05-21 19:51:16] [INFORMACI흁] Finalizo de procesar la imagen 
[2020-05-21 19:52:23] [INFORMACI흁] Iniciando Servidor en puerto: 8000 
[2020-05-21 19:52:29] [INFORMACI흁] Cliente conectado : 127.0.0.1:49468 
[2020-05-21 19:52:29] [INFORMACI흁] El cliente desea procesar la imagen en  : 2 partes. 
[2020-05-21 19:52:29] [INFORMACI흁] Se necesitar烱 : 2 PROCESOS 
[2020-05-21 19:52:29] [INFORMACI흁] Crendo nueva : 0 instancia de ServidorImpl 
[2020-05-21 19:52:30] [INFORMACI흁] Crendo nueva : 1 instancia de ServidorImpl 
[2020-05-21 19:52:30] [INFORMACI흁] Registrando en puerto : 9001 
[2020-05-21 19:52:30] [INFORMACI흁] Registrando en puerto : 9002 
[2020-05-21 19:52:30] [INFORMACI흁] Estado del puerto :9001 es : OK 
[2020-05-21 19:52:30] [INFORMACI흁] Forzando la falla de un proceso 
[2020-05-21 19:52:30] [INFORMACI흁] Estado del puerto :9002 es : FALLA 
[2020-05-21 19:52:30] [INFORMACI흁] Fallo un proceso, se solicita proceso auxiliar 
[2020-05-21 19:52:30] [INFORMACI흁] Proceso auxiliar en port: 9003 
[2020-05-21 19:52:30] [INFORMACI흁] Se proceso parte de imagen en proceso auxiliar 
[2020-05-21 19:52:30] [INFORMACI흁] Finalizo de procesar la imagen 
[2020-05-21 19:55:45] [INFORMACI흁] Iniciando Servidor en puerto: 8000 
[2020-05-21 19:55:51] [INFORMACI흁] Cliente conectado : 127.0.0.1:49496 
[2020-05-21 19:55:51] [INFORMACI흁] El cliente desea procesar la imagen en  : 4 partes. 
[2020-05-21 19:55:51] [INFORMACI흁] Se necesitar烱 : 4 PROCESOS 
[2020-05-21 19:55:51] [INFORMACI흁] Crendo nueva : 0 instancia de ServidorImpl 
[2020-05-21 19:55:52] [INFORMACI흁] Crendo nueva : 1 instancia de ServidorImpl 
[2020-05-21 19:55:52] [INFORMACI흁] Crendo nueva : 2 instancia de ServidorImpl 
[2020-05-21 19:55:52] [INFORMACI흁] Crendo nueva : 3 instancia de ServidorImpl 
[2020-05-21 19:55:52] [INFORMACI흁] Registrando en puerto : 9001 
[2020-05-21 19:55:52] [INFORMACI흁] Registrando en puerto : 9002 
[2020-05-21 19:55:52] [INFORMACI흁] Registrando en puerto : 9003 
[2020-05-21 19:55:52] [INFORMACI흁] Registrando en puerto : 9004 
[2020-05-21 19:55:52] [INFORMACI흁] Estado del puerto :9001 es : OK 
[2020-05-21 19:55:52] [INFORMACI흁] Forzando la falla de un proceso 
[2020-05-21 19:55:52] [INFORMACI흁] Estado del puerto :9002 es : FALLA 
[2020-05-21 19:55:52] [INFORMACI흁] Fallo un proceso, se solicita proceso auxiliar 
[2020-05-21 19:55:52] [INFORMACI흁] Proceso auxiliar en port: 9005 
[2020-05-21 19:55:52] [INFORMACI흁] Se proceso parte de imagen en proceso auxiliar 
[2020-05-21 19:55:52] [INFORMACI흁] Estado del puerto :9003 es : OK 
[2020-05-21 19:55:52] [INFORMACI흁] Estado del puerto :9004 es : OK 
[2020-05-21 19:55:52] [INFORMACI흁] Finalizo de procesar la imagen 
[2020-05-21 19:59:13] [INFORMACI흁] Iniciando Servidor en puerto: 8000 
[2020-05-21 19:59:18] [INFORMACI흁] Cliente conectado : 127.0.0.1:49542 
[2020-05-21 19:59:18] [INFORMACI흁] El cliente desea procesar la imagen en  : 4 partes. 
[2020-05-21 19:59:18] [INFORMACI흁] Se necesitar烱 : 4 PROCESOS 
[2020-05-21 19:59:18] [INFORMACI흁] Crendo nueva : 0 instancia de ServidorImpl 
[2020-05-21 19:59:19] [INFORMACI흁] Crendo nueva : 1 instancia de ServidorImpl 
[2020-05-21 19:59:19] [INFORMACI흁] Crendo nueva : 2 instancia de ServidorImpl 
[2020-05-21 19:59:19] [INFORMACI흁] Crendo nueva : 3 instancia de ServidorImpl 
[2020-05-21 19:59:19] [INFORMACI흁] Registrando en puerto : 9001 
[2020-05-21 19:59:19] [INFORMACI흁] Registrando en puerto : 9002 
[2020-05-21 19:59:19] [INFORMACI흁] Registrando en puerto : 9003 
[2020-05-21 19:59:19] [INFORMACI흁] Registrando en puerto : 9004 
[2020-05-21 19:59:19] [INFORMACI흁] Estado del puerto :9001 es : OK 
[2020-05-21 19:59:19] [INFORMACI흁] Forzando la falla de un proceso 
[2020-05-21 19:59:19] [INFORMACI흁] Estado del puerto :9002 es : FALLA 
[2020-05-21 19:59:19] [INFORMACI흁] Fallo un proceso, se solicita proceso auxiliar 
[2020-05-21 19:59:19] [INFORMACI흁] Proceso auxiliar en port: 9005 
[2020-05-21 19:59:19] [INFORMACI흁] Se proceso parte de imagen en proceso auxiliar 
[2020-05-21 19:59:19] [INFORMACI흁] Estado del puerto :9003 es : OK 
[2020-05-21 19:59:19] [INFORMACI흁] Estado del puerto :9004 es : OK 
[2020-05-21 19:59:19] [INFORMACI흁] Finalizo de procesar la imagen 
[2020-05-21 20:02:07] [INFORMACI흁] Iniciando Servidor en puerto: 8000 
[2020-05-21 20:02:23] [INFORMACI흁] Cliente conectado : 127.0.0.1:49643 
[2020-05-21 20:02:23] [INFORMACI흁] El cliente desea procesar la imagen en  : 4 partes. 
[2020-05-21 20:02:23] [INFORMACI흁] Se necesitar烱 : 4 PROCESOS 
[2020-05-21 20:02:23] [INFORMACI흁] Crendo nueva : 0 instancia de ServidorImpl 
[2020-05-21 20:02:24] [INFORMACI흁] Crendo nueva : 1 instancia de ServidorImpl 
[2020-05-21 20:02:24] [INFORMACI흁] Crendo nueva : 2 instancia de ServidorImpl 
[2020-05-21 20:02:24] [INFORMACI흁] Crendo nueva : 3 instancia de ServidorImpl 
[2020-05-21 20:02:24] [INFORMACI흁] Registrando en puerto : 9001 
[2020-05-21 20:02:24] [INFORMACI흁] Registrando en puerto : 9002 
[2020-05-21 20:02:24] [INFORMACI흁] Registrando en puerto : 9003 
[2020-05-21 20:02:24] [INFORMACI흁] Registrando en puerto : 9004 
[2020-05-21 20:02:24] [INFORMACI흁] Estado del puerto :9001 es : OK 
[2020-05-21 20:02:24] [INFORMACI흁] Forzando la falla de un proceso 
[2020-05-21 20:02:24] [INFORMACI흁] Estado del puerto :9002 es : FALLA 
[2020-05-21 20:02:24] [INFORMACI흁] Fallo un proceso, se solicita proceso auxiliar 
[2020-05-21 20:02:24] [INFORMACI흁] Proceso auxiliar en port: 9005 
[2020-05-21 20:02:24] [INFORMACI흁] Se proceso parte de imagen en proceso auxiliar 
[2020-05-21 20:02:24] [INFORMACI흁] Estado del puerto :9003 es : OK 
[2020-05-21 20:02:24] [INFORMACI흁] Estado del puerto :9004 es : OK 
[2020-05-21 20:02:24] [INFORMACI흁] Finalizo de procesar la imagen 
[2020-05-21 20:03:39] [INFORMACI흁] Iniciando Servidor en puerto: 8000 
[2020-05-21 20:03:47] [INFORMACI흁] Cliente conectado : 127.0.0.1:49672 
[2020-05-21 20:03:47] [INFORMACI흁] El cliente desea procesar la imagen en  : 4 partes. 
[2020-05-21 20:03:47] [INFORMACI흁] Se necesitar烱 : 4 PROCESOS 
[2020-05-21 20:03:47] [INFORMACI흁] Crendo nueva : 0 instancia de ServidorImpl 
[2020-05-21 20:03:48] [INFORMACI흁] Crendo nueva : 1 instancia de ServidorImpl 
[2020-05-21 20:03:48] [INFORMACI흁] Crendo nueva : 2 instancia de ServidorImpl 
[2020-05-21 20:03:48] [INFORMACI흁] Crendo nueva : 3 instancia de ServidorImpl 
[2020-05-21 20:03:48] [INFORMACI흁] Registrando en puerto : 9001 
[2020-05-21 20:03:48] [INFORMACI흁] Registrando en puerto : 9002 
[2020-05-21 20:03:48] [INFORMACI흁] Registrando en puerto : 9003 
[2020-05-21 20:03:48] [INFORMACI흁] Registrando en puerto : 9004 
[2020-05-21 20:03:48] [INFORMACI흁] Estado del puerto :9001 es : OK 
[2020-05-21 20:03:48] [INFORMACI흁] Forzando la falla de un proceso 
[2020-05-21 20:03:48] [INFORMACI흁] Estado del puerto :9002 es : FALLA 
[2020-05-21 20:03:48] [INFORMACI흁] Fallo un proceso, se solicita proceso auxiliar 
[2020-05-21 20:03:48] [INFORMACI흁] Proceso auxiliar en port: 9005 
[2020-05-21 20:03:48] [INFORMACI흁] Se proceso parte de imagen en proceso auxiliar 
[2020-05-21 20:03:48] [INFORMACI흁] Estado del puerto :9003 es : OK 
[2020-05-21 20:03:48] [INFORMACI흁] Estado del puerto :9004 es : OK 
[2020-05-21 20:03:48] [INFORMACI흁] Finalizo de procesar la imagen 
[2020-05-21 20:07:17] [INFORMACI흁] Iniciando Servidor en puerto: 8000 
[2020-05-21 20:07:26] [INFORMACI흁] Cliente conectado : 127.0.0.1:49690 
[2020-05-21 20:07:26] [INFORMACI흁] El cliente desea procesar la imagen en  : 8 partes. 
[2020-05-21 20:07:26] [INFORMACI흁] Se necesitar烱 : 8 PROCESOS 
[2020-05-21 20:07:26] [INFORMACI흁] Crendo nueva : 0 instancia de ServidorImpl 
[2020-05-21 20:07:27] [INFORMACI흁] Crendo nueva : 1 instancia de ServidorImpl 
[2020-05-21 20:07:27] [INFORMACI흁] Crendo nueva : 2 instancia de ServidorImpl 
[2020-05-21 20:07:27] [INFORMACI흁] Crendo nueva : 3 instancia de ServidorImpl 
[2020-05-21 20:07:27] [INFORMACI흁] Crendo nueva : 4 instancia de ServidorImpl 
[2020-05-21 20:07:27] [INFORMACI흁] Crendo nueva : 5 instancia de ServidorImpl 
[2020-05-21 20:07:27] [INFORMACI흁] Crendo nueva : 6 instancia de ServidorImpl 
[2020-05-21 20:07:27] [INFORMACI흁] Crendo nueva : 7 instancia de ServidorImpl 
[2020-05-21 20:07:27] [INFORMACI흁] Registrando en puerto : 9001 
[2020-05-21 20:07:27] [INFORMACI흁] Registrando en puerto : 9002 
[2020-05-21 20:07:27] [INFORMACI흁] Registrando en puerto : 9003 
[2020-05-21 20:07:27] [INFORMACI흁] Registrando en puerto : 9004 
[2020-05-21 20:07:27] [INFORMACI흁] Registrando en puerto : 9005 
[2020-05-21 20:07:27] [INFORMACI흁] Registrando en puerto : 9006 
[2020-05-21 20:07:27] [INFORMACI흁] Registrando en puerto : 9007 
[2020-05-21 20:07:27] [INFORMACI흁] Registrando en puerto : 9008 
[2020-05-21 20:07:27] [INFORMACI흁] Estado del puerto :9001 es : OK 
[2020-05-21 20:07:27] [INFORMACI흁] Forzando la falla de un proceso 
[2020-05-21 20:07:27] [INFORMACI흁] Estado del puerto :9002 es : FALLA 
[2020-05-21 20:07:27] [INFORMACI흁] Fallo un proceso, se solicita proceso auxiliar 
[2020-05-21 20:07:27] [INFORMACI흁] Proceso auxiliar en port: 9009 
[2020-05-21 20:07:27] [INFORMACI흁] Se proceso parte de imagen en proceso auxiliar 
[2020-05-21 20:07:27] [INFORMACI흁] Estado del puerto :9003 es : OK 
[2020-05-21 20:07:27] [INFORMACI흁] Estado del puerto :9004 es : OK 
[2020-05-21 20:07:27] [INFORMACI흁] Estado del puerto :9005 es : OK 
[2020-05-21 20:07:27] [INFORMACI흁] Estado del puerto :9006 es : OK 
[2020-05-21 20:07:27] [INFORMACI흁] Estado del puerto :9007 es : OK 
[2020-05-21 20:07:27] [INFORMACI흁] Estado del puerto :9008 es : OK 
[2020-05-21 20:07:27] [INFORMACI흁] Finalizo de procesar la imagen 
[2020-05-22 16:57:35] [INFO] Iniciando Servidor en puerto: 8000 
[2020-05-22 16:57:44] [INFO] Cliente conectado : kubernetes.docker.internal:51152 
[2020-05-22 16:57:44] [INFO] El cliente desea procesar la imagen en  : 1 partes. 
[2020-05-22 16:57:44] [INFO] Se necesitar치n : 1 PROCESOS 
[2020-05-22 16:57:44] [INFO] Crendo nueva : 0 instancia de ServidorImpl 
[2020-05-22 16:57:44] [INFO] Registrando en puerto : 9001 
[2020-05-22 16:57:44] [INFO] Estado del puerto :9001 es : OK 
[2020-05-22 16:57:44] [INFO] Forzando la falla de un proceso 
[2020-05-22 16:57:44] [INFO] Finalizo de procesar la imagen 
[2020-05-22 17:51:26] [INFO] Iniciando Servidor en puerto: 8000 
[2020-05-22 17:51:51] [INFO] Cliente conectado : kubernetes.docker.internal:51843 
[2020-05-22 17:51:51] [INFO] El cliente desea procesar la imagen en  : 1 partes. 
[2020-05-22 17:51:51] [INFO] Se necesitar치n : 1 PROCESOS 
[2020-05-22 17:51:51] [INFO] Crendo nueva : 0 instancia de ServidorImpl 
[2020-05-22 17:51:51] [INFO] Registrando en puerto : 9001 
[2020-05-22 17:51:51] [INFO] Estado del puerto :9001 es : OK 
[2020-05-22 17:51:51] [INFO] Forzando la falla de un proceso 
[2020-05-22 17:51:51] [INFO] Finalizo de procesar la imagen 
[2020-05-22 17:53:16] [INFO] Cliente conectado : kubernetes.docker.internal:51877 
[2020-05-22 17:53:16] [INFO] El cliente desea procesar la imagen en  : 1 partes. 
[2020-05-22 17:53:16] [INFO] Se necesitar치n : 1 PROCESOS 
[2020-05-22 17:53:16] [INFO] Crendo nueva : 0 instancia de ServidorImpl 
[2020-05-22 17:53:16] [INFO] Registrando en puerto : 9001 
[2020-05-22 17:55:03] [INFO] Iniciando Servidor en puerto: 8000 
[2020-05-22 17:55:12] [INFO] Cliente conectado : kubernetes.docker.internal:51909 
[2020-05-22 17:55:12] [INFO] El cliente desea procesar la imagen en  : 1 partes. 
[2020-05-22 17:55:12] [INFO] Se necesitar치n : 1 PROCESOS 
[2020-05-22 17:55:12] [INFO] Crendo nueva : 0 instancia de ServidorImpl 
[2020-05-22 17:55:12] [INFO] Registrando en puerto : 9001 
[2020-05-22 17:55:12] [INFO] Estado del puerto :9001 es : OK 
[2020-05-22 17:55:12] [INFO] Forzando la falla de un proceso 
[2020-05-22 17:55:12] [INFO] Finalizo de procesar la imagen 
[2020-05-22 17:55:27] [INFO] Cliente conectado : kubernetes.docker.internal:51913 
[2020-05-22 17:55:27] [INFO] El cliente desea procesar la imagen en  : 1 partes. 
[2020-05-22 17:55:27] [INFO] Se necesitar치n : 1 PROCESOS 
[2020-05-22 17:55:27] [INFO] Crendo nueva : 0 instancia de ServidorImpl 
[2020-05-22 17:55:27] [INFO] Registrando en puerto : 9001 
[2020-05-22 17:56:34] [INFO] Iniciando Servidor en puerto: 8000 
[2020-05-22 17:56:40] [INFO] Cliente conectado : kubernetes.docker.internal:51933 
[2020-05-22 17:56:40] [INFO] El cliente desea procesar la imagen en  : 2 partes. 
[2020-05-22 17:56:40] [INFO] Se necesitar치n : 2 PROCESOS 
[2020-05-22 17:56:40] [INFO] Crendo nueva : 0 instancia de ServidorImpl 
[2020-05-22 17:56:41] [INFO] Crendo nueva : 1 instancia de ServidorImpl 
[2020-05-22 17:56:41] [INFO] Registrando en puerto : 9001 
[2020-05-22 17:56:41] [INFO] Registrando en puerto : 9002 
[2020-05-22 17:56:41] [INFO] Estado del puerto :9001 es : OK 
[2020-05-22 17:56:41] [INFO] Forzando la falla de un proceso 
[2020-05-22 17:56:41] [INFO] Estado del puerto :9002 es : FALLA 
[2020-05-22 17:56:41] [INFO] Fallo un proceso, se solicita proceso auxiliar 
[2020-05-22 17:56:41] [INFO] Proceso auxiliar en port: 9003 
[2020-05-22 17:56:41] [INFO] Se proceso parte de imagen en proceso auxiliar 
[2020-05-22 17:56:41] [INFO] Finalizo de procesar la imagen 
[2020-05-22 17:56:50] [INFO] Cliente conectado : kubernetes.docker.internal:51938 
[2020-05-22 17:56:50] [INFO] El cliente desea procesar la imagen en  : 2 partes. 
[2020-05-22 17:56:50] [INFO] Se necesitar치n : 2 PROCESOS 
[2020-05-22 17:56:50] [INFO] Crendo nueva : 0 instancia de ServidorImpl 
[2020-05-22 17:56:50] [INFO] Crendo nueva : 1 instancia de ServidorImpl 
[2020-05-22 17:56:50] [INFO] Registrando en puerto : 9001 
[2020-05-22 18:00:00] [INFO] Iniciando Servidor en puerto: 8000 
[2020-05-22 18:00:41] [INFO] Cliente conectado : kubernetes.docker.internal:51971 
[2020-05-22 18:00:41] [INFO] El cliente desea procesar la imagen en  : 4 partes. 
[2020-05-22 18:00:41] [INFO] Se necesitar치n : 4 PROCESOS 
[2020-05-22 18:00:41] [INFO] Crendo nueva : 0 instancia de ServidorImpl 
[2020-05-22 18:00:41] [INFO] Crendo nueva : 1 instancia de ServidorImpl 
[2020-05-22 18:00:41] [INFO] Crendo nueva : 2 instancia de ServidorImpl 
[2020-05-22 18:00:41] [INFO] Crendo nueva : 3 instancia de ServidorImpl 
[2020-05-22 18:00:41] [INFO] Registrando en puerto : 9001 
[2020-05-22 18:00:42] [INFO] Registrando en puerto : 9002 
[2020-05-22 18:00:42] [INFO] Registrando en puerto : 9003 
[2020-05-22 18:00:42] [INFO] Registrando en puerto : 9004 
[2020-05-22 18:00:42] [INFO] Estado del puerto :9001 es : OK 
[2020-05-22 18:00:42] [INFO] Forzando la falla de un proceso 
[2020-05-22 18:00:42] [INFO] Estado del puerto :9002 es : FALLA 
[2020-05-22 18:00:42] [INFO] Fallo un proceso, se solicita proceso auxiliar 
[2020-05-22 18:00:42] [INFO] Proceso auxiliar en port: 9005 
[2020-05-22 18:00:42] [INFO] Se proceso parte de imagen en proceso auxiliar 
[2020-05-22 18:00:42] [INFO] Estado del puerto :9003 es : OK 
[2020-05-22 18:00:42] [INFO] Estado del puerto :9004 es : OK 
[2020-05-22 18:00:42] [INFO] Finalizo de procesar la imagen 
[2020-05-22 18:00:45] [INFO] Cliente conectado : kubernetes.docker.internal:51980 
[2020-05-22 18:00:45] [INFO] El cliente desea procesar la imagen en  : 4 partes. 
[2020-05-22 18:00:45] [INFO] Se necesitar치n : 4 PROCESOS 
[2020-05-22 18:00:45] [INFO] Crendo nueva : 0 instancia de ServidorImpl 
[2020-05-22 18:00:45] [INFO] Crendo nueva : 1 instancia de ServidorImpl 
[2020-05-22 18:00:45] [INFO] Crendo nueva : 2 instancia de ServidorImpl 
[2020-05-22 18:00:45] [INFO] Crendo nueva : 3 instancia de ServidorImpl 
[2020-05-22 18:00:45] [INFO] Registrando en puerto : 9001 
[2020-05-22 18:02:09] [INFO] Iniciando Servidor en puerto: 8000 
[2020-05-22 18:02:16] [INFO] Cliente conectado : kubernetes.docker.internal:52001 
[2020-05-22 18:02:16] [INFO] El cliente desea procesar la imagen en  : 8 partes. 
[2020-05-22 18:02:16] [INFO] Se necesitar치n : 8 PROCESOS 
[2020-05-22 18:02:16] [INFO] Crendo nueva : 0 instancia de ServidorImpl 
[2020-05-22 18:02:16] [INFO] Crendo nueva : 1 instancia de ServidorImpl 
[2020-05-22 18:02:16] [INFO] Crendo nueva : 2 instancia de ServidorImpl 
[2020-05-22 18:02:16] [INFO] Crendo nueva : 3 instancia de ServidorImpl 
[2020-05-22 18:02:16] [INFO] Crendo nueva : 4 instancia de ServidorImpl 
[2020-05-22 18:02:16] [INFO] Crendo nueva : 5 instancia de ServidorImpl 
[2020-05-22 18:02:16] [INFO] Crendo nueva : 6 instancia de ServidorImpl 
[2020-05-22 18:02:16] [INFO] Crendo nueva : 7 instancia de ServidorImpl 
[2020-05-22 18:02:16] [INFO] Registrando en puerto : 9001 
[2020-05-22 18:02:16] [INFO] Registrando en puerto : 9002 
[2020-05-22 18:02:16] [INFO] Registrando en puerto : 9003 
[2020-05-22 18:02:16] [INFO] Registrando en puerto : 9004 
[2020-05-22 18:02:16] [INFO] Registrando en puerto : 9005 
[2020-05-22 18:02:16] [INFO] Registrando en puerto : 9006 
[2020-05-22 18:02:16] [INFO] Registrando en puerto : 9007 
[2020-05-22 18:02:16] [INFO] Registrando en puerto : 9008 
[2020-05-22 18:02:16] [INFO] Estado del puerto :9001 es : OK 
[2020-05-22 18:02:16] [INFO] Forzando la falla de un proceso 
[2020-05-22 18:02:16] [INFO] Estado del puerto :9002 es : FALLA 
[2020-05-22 18:02:16] [INFO] Fallo un proceso, se solicita proceso auxiliar 
[2020-05-22 18:02:16] [INFO] Proceso auxiliar en port: 9009 
[2020-05-22 18:02:16] [INFO] Se proceso parte de imagen en proceso auxiliar 
[2020-05-22 18:02:16] [INFO] Estado del puerto :9003 es : OK 
[2020-05-22 18:02:16] [INFO] Estado del puerto :9004 es : OK 
[2020-05-22 18:02:16] [INFO] Estado del puerto :9005 es : OK 
[2020-05-22 18:02:16] [INFO] Estado del puerto :9006 es : OK 
[2020-05-22 18:02:16] [INFO] Estado del puerto :9007 es : OK 
[2020-05-22 18:02:16] [INFO] Estado del puerto :9008 es : OK 
[2020-05-22 18:02:16] [INFO] Finalizo de procesar la imagen 
[2020-05-22 18:02:36] [INFO] Cliente conectado : kubernetes.docker.internal:52017 
[2020-05-22 18:02:36] [INFO] El cliente desea procesar la imagen en  : 8 partes. 
[2020-05-22 18:02:36] [INFO] Se necesitar치n : 8 PROCESOS 
[2020-05-22 18:02:36] [INFO] Crendo nueva : 0 instancia de ServidorImpl 
[2020-05-22 18:02:36] [INFO] Crendo nueva : 1 instancia de ServidorImpl 
[2020-05-22 18:02:36] [INFO] Crendo nueva : 2 instancia de ServidorImpl 
[2020-05-22 18:02:36] [INFO] Crendo nueva : 3 instancia de ServidorImpl 
[2020-05-22 18:02:36] [INFO] Crendo nueva : 4 instancia de ServidorImpl 
[2020-05-22 18:02:36] [INFO] Crendo nueva : 5 instancia de ServidorImpl 
[2020-05-22 18:02:36] [INFO] Crendo nueva : 6 instancia de ServidorImpl 
[2020-05-22 18:02:36] [INFO] Crendo nueva : 7 instancia de ServidorImpl 
[2020-05-22 18:02:36] [INFO] Registrando en puerto : 9001 
[2020-05-22 18:03:32] [INFO] Iniciando Servidor en puerto: 8000 
[2020-05-22 18:03:38] [INFO] Cliente conectado : kubernetes.docker.internal:52069 
[2020-05-22 18:03:38] [INFO] El cliente desea procesar la imagen en  : 16 partes. 
[2020-05-22 18:03:38] [INFO] Se necesitar치n : 16 PROCESOS 
[2020-05-22 18:03:38] [INFO] Crendo nueva : 0 instancia de ServidorImpl 
[2020-05-22 18:03:39] [INFO] Crendo nueva : 1 instancia de ServidorImpl 
[2020-05-22 18:03:39] [INFO] Crendo nueva : 2 instancia de ServidorImpl 
[2020-05-22 18:03:39] [INFO] Crendo nueva : 3 instancia de ServidorImpl 
[2020-05-22 18:03:39] [INFO] Crendo nueva : 4 instancia de ServidorImpl 
[2020-05-22 18:03:39] [INFO] Crendo nueva : 5 instancia de ServidorImpl 
[2020-05-22 18:03:39] [INFO] Crendo nueva : 6 instancia de ServidorImpl 
[2020-05-22 18:03:39] [INFO] Crendo nueva : 7 instancia de ServidorImpl 
[2020-05-22 18:03:39] [INFO] Crendo nueva : 8 instancia de ServidorImpl 
[2020-05-22 18:03:39] [INFO] Crendo nueva : 9 instancia de ServidorImpl 
[2020-05-22 18:03:39] [INFO] Crendo nueva : 10 instancia de ServidorImpl 
[2020-05-22 18:03:39] [INFO] Crendo nueva : 11 instancia de ServidorImpl 
[2020-05-22 18:03:39] [INFO] Crendo nueva : 12 instancia de ServidorImpl 
[2020-05-22 18:03:39] [INFO] Crendo nueva : 13 instancia de ServidorImpl 
[2020-05-22 18:03:39] [INFO] Crendo nueva : 14 instancia de ServidorImpl 
[2020-05-22 18:03:39] [INFO] Crendo nueva : 15 instancia de ServidorImpl 
[2020-05-22 18:03:39] [INFO] Registrando en puerto : 9001 
[2020-05-22 18:03:39] [INFO] Registrando en puerto : 9002 
[2020-05-22 18:03:39] [INFO] Registrando en puerto : 9003 
[2020-05-22 18:03:39] [INFO] Registrando en puerto : 9004 
[2020-05-22 18:03:39] [INFO] Registrando en puerto : 9005 
[2020-05-22 18:03:39] [INFO] Registrando en puerto : 9006 
[2020-05-22 18:03:39] [INFO] Registrando en puerto : 9007 
[2020-05-22 18:03:39] [INFO] Registrando en puerto : 9008 
[2020-05-22 18:03:39] [INFO] Registrando en puerto : 9009 
[2020-05-22 18:03:39] [INFO] Registrando en puerto : 9010 
[2020-05-22 18:03:39] [INFO] Registrando en puerto : 9011 
[2020-05-22 18:03:39] [INFO] Registrando en puerto : 9012 
[2020-05-22 18:03:39] [INFO] Registrando en puerto : 9013 
[2020-05-22 18:03:39] [INFO] Registrando en puerto : 9014 
[2020-05-22 18:03:39] [INFO] Registrando en puerto : 9015 
[2020-05-22 18:03:39] [INFO] Registrando en puerto : 9016 
[2020-05-22 18:03:39] [INFO] Estado del puerto :9001 es : OK 
[2020-05-22 18:03:39] [INFO] Forzando la falla de un proceso 
[2020-05-22 18:03:39] [INFO] Estado del puerto :9002 es : FALLA 
[2020-05-22 18:03:39] [INFO] Fallo un proceso, se solicita proceso auxiliar 
[2020-05-22 18:03:39] [INFO] Proceso auxiliar en port: 9017 
[2020-05-22 18:03:39] [INFO] Se proceso parte de imagen en proceso auxiliar 
[2020-05-22 18:03:39] [INFO] Estado del puerto :9003 es : OK 
[2020-05-22 18:03:39] [INFO] Estado del puerto :9004 es : OK 
[2020-05-22 18:03:39] [INFO] Estado del puerto :9005 es : OK 
[2020-05-22 18:03:39] [INFO] Estado del puerto :9006 es : OK 
[2020-05-22 18:03:39] [INFO] Estado del puerto :9007 es : OK 
[2020-05-22 18:03:39] [INFO] Estado del puerto :9008 es : OK 
[2020-05-22 18:03:39] [INFO] Estado del puerto :9009 es : OK 
[2020-05-22 18:03:39] [INFO] Estado del puerto :9010 es : OK 
[2020-05-22 18:03:39] [INFO] Estado del puerto :9011 es : OK 
[2020-05-22 18:03:39] [INFO] Estado del puerto :9012 es : OK 
[2020-05-22 18:03:39] [INFO] Estado del puerto :9013 es : OK 
[2020-05-22 18:03:39] [INFO] Estado del puerto :9014 es : OK 
[2020-05-22 18:03:39] [INFO] Estado del puerto :9015 es : OK 
[2020-05-22 18:03:39] [INFO] Estado del puerto :9016 es : OK 
[2020-05-22 18:03:39] [INFO] Finalizo de procesar la imagen 
[2020-05-22 18:03:43] [INFO] Cliente conectado : kubernetes.docker.internal:52089 
[2020-05-22 18:03:43] [INFO] El cliente desea procesar la imagen en  : 16 partes. 
[2020-05-22 18:03:43] [INFO] Se necesitar치n : 16 PROCESOS 
[2020-05-22 18:03:43] [INFO] Crendo nueva : 0 instancia de ServidorImpl 
[2020-05-22 18:03:43] [INFO] Crendo nueva : 1 instancia de ServidorImpl 
[2020-05-22 18:03:43] [INFO] Crendo nueva : 2 instancia de ServidorImpl 
[2020-05-22 18:03:43] [INFO] Crendo nueva : 3 instancia de ServidorImpl 
[2020-05-22 18:03:43] [INFO] Crendo nueva : 4 instancia de ServidorImpl 
[2020-05-22 18:03:43] [INFO] Crendo nueva : 5 instancia de ServidorImpl 
[2020-05-22 18:03:43] [INFO] Crendo nueva : 6 instancia de ServidorImpl 
[2020-05-22 18:03:43] [INFO] Crendo nueva : 7 instancia de ServidorImpl 
[2020-05-22 18:03:43] [INFO] Crendo nueva : 8 instancia de ServidorImpl 
[2020-05-22 18:03:43] [INFO] Crendo nueva : 9 instancia de ServidorImpl 
[2020-05-22 18:03:43] [INFO] Crendo nueva : 10 instancia de ServidorImpl 
[2020-05-22 18:03:43] [INFO] Crendo nueva : 11 instancia de ServidorImpl 
[2020-05-22 18:03:43] [INFO] Crendo nueva : 12 instancia de ServidorImpl 
[2020-05-22 18:03:43] [INFO] Crendo nueva : 13 instancia de ServidorImpl 
[2020-05-22 18:03:43] [INFO] Crendo nueva : 14 instancia de ServidorImpl 
[2020-05-22 18:03:43] [INFO] Crendo nueva : 15 instancia de ServidorImpl 
[2020-05-22 18:03:43] [INFO] Registrando en puerto : 9001 
[2020-05-22 18:21:48] [INFO] Iniciando Servidor en puerto: 8000 
[2020-05-22 18:24:11] [INFO] Cliente conectado : kubernetes.docker.internal:52303 
[2020-05-22 18:24:11] [INFO] El cliente desea procesar la imagen en  : 1 partes. 
[2020-05-22 18:24:11] [INFO] Se necesitar치n : 1 PROCESOS 
[2020-05-22 18:24:11] [INFO] Crendo nueva : 0 instancia de ServidorImpl 
[2020-05-22 18:24:12] [INFO] Registrando en puerto : 9001 
[2020-05-22 18:24:12] [INFO] Estado del puerto :9001 es : OK 
[2020-05-22 18:24:12] [INFO] Forzando la falla de un proceso 
[2020-05-22 18:24:12] [INFO] Finalizo de procesar la imagen 
[2020-05-22 18:24:56] [INFO] Cliente conectado : kubernetes.docker.internal:52311 
[2020-05-22 18:24:56] [INFO] El cliente desea procesar la imagen en  : 1 partes. 
[2020-05-22 18:24:56] [INFO] Se necesitar치n : 1 PROCESOS 
[2020-05-22 18:24:56] [INFO] Crendo nueva : 0 instancia de ServidorImpl 
[2020-05-22 18:24:56] [INFO] Registrando en puerto : 9001 
[2020-05-22 18:26:42] [INFO] Iniciando Servidor en puerto: 8000 
[2020-05-22 18:27:01] [INFO] Cliente conectado : kubernetes.docker.internal:52339 
[2020-05-22 18:27:01] [INFO] El cliente desea procesar la imagen en  : 1 partes. 
[2020-05-22 18:27:01] [INFO] Se necesitar치n : 1 PROCESOS 
[2020-05-22 18:27:01] [INFO] Crendo nueva : 0 instancia de ServidorImpl 
[2020-05-22 18:27:01] [INFO] Registrando en puerto : 9001 
[2020-05-22 18:27:01] [INFO] Estado del puerto :9001 es : OK 
[2020-05-22 18:27:01] [INFO] Forzando la falla de un proceso 
[2020-05-22 18:27:01] [INFO] Finalizo de procesar la imagen 
[2020-05-22 18:28:23] [INFO] Cliente conectado : kubernetes.docker.internal:52355 
[2020-05-22 18:28:23] [INFO] El cliente desea procesar la imagen en  : 1 partes. 
[2020-05-22 18:28:23] [INFO] Se necesitar치n : 1 PROCESOS 
[2020-05-22 18:28:23] [INFO] Crendo nueva : 0 instancia de ServidorImpl 
[2020-05-22 18:28:23] [INFO] Registrando en puerto : 9001 
[2020-05-22 18:32:44] [INFO] Iniciando Servidor en puerto: 8000 
[2020-05-22 18:33:01] [INFO] Cliente conectado : kubernetes.docker.internal:52423 
[2020-05-22 18:33:01] [INFO] El cliente desea procesar la imagen en  : 2 partes. 
[2020-05-22 18:33:01] [INFO] Se necesitar치n : 2 PROCESOS 
[2020-05-22 18:33:01] [INFO] Crendo nueva : 0 instancia de ServidorImpl 
[2020-05-22 18:33:02] [INFO] Crendo nueva : 1 instancia de ServidorImpl 
[2020-05-22 18:33:02] [INFO] Registrando en puerto : 9001 
[2020-05-22 18:33:02] [INFO] Registrando en puerto : 9002 
[2020-05-22 18:33:02] [INFO] Estado del puerto :9001 es : OK 
[2020-05-22 18:33:02] [INFO] Forzando la falla de un proceso 
[2020-05-22 18:33:02] [INFO] Estado del puerto :9002 es : FALLA 
[2020-05-22 18:33:02] [INFO] Fallo un proceso, se solicita proceso auxiliar 
[2020-05-22 18:33:02] [INFO] Proceso auxiliar en port: 9003 
[2020-05-22 18:33:02] [INFO] Se proceso parte de imagen en proceso auxiliar 
[2020-05-22 18:33:02] [INFO] Finalizo de procesar la imagen 
[2020-05-22 18:33:38] [INFO] Cliente conectado : kubernetes.docker.internal:52434 
[2020-05-22 18:33:38] [INFO] El cliente desea procesar la imagen en  : 2 partes. 
[2020-05-22 18:33:38] [INFO] Se necesitar치n : 2 PROCESOS 
[2020-05-22 18:33:38] [INFO] Crendo nueva : 0 instancia de ServidorImpl 
[2020-05-22 18:33:38] [INFO] Crendo nueva : 1 instancia de ServidorImpl 
[2020-05-22 18:33:38] [INFO] Registrando en puerto : 9001 
[2020-05-22 18:37:03] [INFO] Iniciando Servidor en puerto: 8000 
[2020-05-22 18:37:13] [INFO] Cliente conectado : kubernetes.docker.internal:52499 
[2020-05-22 18:37:13] [INFO] El cliente desea procesar la imagen en  : 4 partes. 
[2020-05-22 18:37:13] [INFO] Se necesitar치n : 4 PROCESOS 
[2020-05-22 18:37:13] [INFO] Crendo nueva : 0 instancia de ServidorImpl 
[2020-05-22 18:37:13] [INFO] Crendo nueva : 1 instancia de ServidorImpl 
[2020-05-22 18:37:13] [INFO] Crendo nueva : 2 instancia de ServidorImpl 
[2020-05-22 18:37:13] [INFO] Crendo nueva : 3 instancia de ServidorImpl 
[2020-05-22 18:37:13] [INFO] Registrando en puerto : 9001 
[2020-05-22 18:37:13] [INFO] Registrando en puerto : 9002 
[2020-05-22 18:37:13] [INFO] Registrando en puerto : 9003 
[2020-05-22 18:37:13] [INFO] Registrando en puerto : 9004 
[2020-05-22 18:37:13] [INFO] Estado del puerto :9001 es : OK 
[2020-05-22 18:37:13] [INFO] Forzando la falla de un proceso 
[2020-05-22 18:37:13] [INFO] Estado del puerto :9002 es : FALLA 
[2020-05-22 18:37:13] [INFO] Fallo un proceso, se solicita proceso auxiliar 
[2020-05-22 18:37:13] [INFO] Proceso auxiliar en port: 9005 
[2020-05-22 18:37:13] [INFO] Se proceso parte de imagen en proceso auxiliar 
[2020-05-22 18:37:13] [INFO] Estado del puerto :9003 es : OK 
[2020-05-22 18:37:13] [INFO] Estado del puerto :9004 es : OK 
[2020-05-22 18:37:13] [INFO] Finalizo de procesar la imagen 
[2020-05-22 18:37:48] [INFO] Cliente conectado : kubernetes.docker.internal:52515 
[2020-05-22 18:37:48] [INFO] El cliente desea procesar la imagen en  : 4 partes. 
[2020-05-22 18:37:48] [INFO] Se necesitar치n : 4 PROCESOS 
[2020-05-22 18:37:48] [INFO] Crendo nueva : 0 instancia de ServidorImpl 
[2020-05-22 18:37:48] [INFO] Crendo nueva : 1 instancia de ServidorImpl 
[2020-05-22 18:37:48] [INFO] Crendo nueva : 2 instancia de ServidorImpl 
[2020-05-22 18:37:48] [INFO] Crendo nueva : 3 instancia de ServidorImpl 
[2020-05-22 18:37:48] [INFO] Registrando en puerto : 9001 
[2020-05-22 18:41:19] [INFO] Iniciando Servidor en puerto: 8000 
[2020-05-22 18:41:25] [INFO] Cliente conectado : kubernetes.docker.internal:52591 
[2020-05-22 18:41:25] [INFO] El cliente desea procesar la imagen en  : 8 partes. 
[2020-05-22 18:41:25] [INFO] Se necesitar치n : 8 PROCESOS 
[2020-05-22 18:41:25] [INFO] Crendo nueva : 0 instancia de ServidorImpl 
[2020-05-22 18:41:25] [INFO] Crendo nueva : 1 instancia de ServidorImpl 
[2020-05-22 18:41:25] [INFO] Crendo nueva : 2 instancia de ServidorImpl 
[2020-05-22 18:41:25] [INFO] Crendo nueva : 3 instancia de ServidorImpl 
[2020-05-22 18:41:25] [INFO] Crendo nueva : 4 instancia de ServidorImpl 
[2020-05-22 18:41:25] [INFO] Crendo nueva : 5 instancia de ServidorImpl 
[2020-05-22 18:41:25] [INFO] Crendo nueva : 6 instancia de ServidorImpl 
[2020-05-22 18:41:25] [INFO] Crendo nueva : 7 instancia de ServidorImpl 
[2020-05-22 18:41:25] [INFO] Registrando en puerto : 9001 
[2020-05-22 18:41:25] [INFO] Registrando en puerto : 9002 
[2020-05-22 18:41:25] [INFO] Registrando en puerto : 9003 
[2020-05-22 18:41:25] [INFO] Registrando en puerto : 9004 
[2020-05-22 18:41:25] [INFO] Registrando en puerto : 9005 
[2020-05-22 18:41:25] [INFO] Registrando en puerto : 9006 
[2020-05-22 18:41:25] [INFO] Registrando en puerto : 9007 
[2020-05-22 18:41:25] [INFO] Registrando en puerto : 9008 
[2020-05-22 18:41:25] [INFO] Estado del puerto :9001 es : OK 
[2020-05-22 18:41:25] [INFO] Forzando la falla de un proceso 
[2020-05-22 18:41:25] [INFO] Estado del puerto :9002 es : FALLA 
[2020-05-22 18:41:25] [INFO] Fallo un proceso, se solicita proceso auxiliar 
[2020-05-22 18:41:25] [INFO] Proceso auxiliar en port: 9009 
[2020-05-22 18:41:25] [INFO] Se proceso parte de imagen en proceso auxiliar 
[2020-05-22 18:41:25] [INFO] Estado del puerto :9003 es : OK 
[2020-05-22 18:41:25] [INFO] Estado del puerto :9004 es : OK 
[2020-05-22 18:41:25] [INFO] Estado del puerto :9005 es : OK 
[2020-05-22 18:41:25] [INFO] Estado del puerto :9006 es : OK 
[2020-05-22 18:41:25] [INFO] Estado del puerto :9007 es : OK 
[2020-05-22 18:41:25] [INFO] Estado del puerto :9008 es : OK 
[2020-05-22 18:41:25] [INFO] Finalizo de procesar la imagen 
[2020-05-22 18:42:40] [INFO] Cliente conectado : kubernetes.docker.internal:52615 
[2020-05-22 18:42:40] [INFO] El cliente desea procesar la imagen en  : 8 partes. 
[2020-05-22 18:42:40] [INFO] Se necesitar치n : 8 PROCESOS 
[2020-05-22 18:42:40] [INFO] Crendo nueva : 0 instancia de ServidorImpl 
[2020-05-22 18:42:40] [INFO] Crendo nueva : 1 instancia de ServidorImpl 
[2020-05-22 18:42:40] [INFO] Crendo nueva : 2 instancia de ServidorImpl 
[2020-05-22 18:42:40] [INFO] Crendo nueva : 3 instancia de ServidorImpl 
[2020-05-22 18:42:40] [INFO] Crendo nueva : 4 instancia de ServidorImpl 
[2020-05-22 18:42:40] [INFO] Crendo nueva : 5 instancia de ServidorImpl 
[2020-05-22 18:42:40] [INFO] Crendo nueva : 6 instancia de ServidorImpl 
[2020-05-22 18:42:40] [INFO] Crendo nueva : 7 instancia de ServidorImpl 
[2020-05-22 18:42:40] [INFO] Registrando en puerto : 9001 
[2020-05-22 18:44:35] [INFO] Iniciando Servidor en puerto: 8000 
[2020-05-22 18:44:42] [INFO] Cliente conectado : kubernetes.docker.internal:52688 
[2020-05-22 18:44:42] [INFO] El cliente desea procesar la imagen en  : 8 partes. 
[2020-05-22 18:44:42] [INFO] Se necesitar치n : 8 PROCESOS 
[2020-05-22 18:44:42] [INFO] Crendo nueva : 0 instancia de ServidorImpl 
[2020-05-22 18:44:43] [INFO] Crendo nueva : 1 instancia de ServidorImpl 
[2020-05-22 18:44:43] [INFO] Crendo nueva : 2 instancia de ServidorImpl 
[2020-05-22 18:44:43] [INFO] Crendo nueva : 3 instancia de ServidorImpl 
[2020-05-22 18:44:43] [INFO] Crendo nueva : 4 instancia de ServidorImpl 
[2020-05-22 18:44:43] [INFO] Crendo nueva : 5 instancia de ServidorImpl 
[2020-05-22 18:44:43] [INFO] Crendo nueva : 6 instancia de ServidorImpl 
[2020-05-22 18:44:43] [INFO] Crendo nueva : 7 instancia de ServidorImpl 
[2020-05-22 18:44:43] [INFO] Registrando en puerto : 9001 
[2020-05-22 18:44:43] [INFO] Registrando en puerto : 9002 
[2020-05-22 18:44:43] [INFO] Registrando en puerto : 9003 
[2020-05-22 18:44:43] [INFO] Registrando en puerto : 9004 
[2020-05-22 18:44:43] [INFO] Registrando en puerto : 9005 
[2020-05-22 18:44:43] [INFO] Registrando en puerto : 9006 
[2020-05-22 18:44:43] [INFO] Registrando en puerto : 9007 
[2020-05-22 18:44:43] [INFO] Registrando en puerto : 9008 
[2020-05-22 18:44:43] [INFO] Estado del puerto :9001 es : OK 
[2020-05-22 18:44:43] [INFO] Forzando la falla de un proceso 
[2020-05-22 18:44:43] [INFO] Estado del puerto :9002 es : FALLA 
[2020-05-22 18:44:43] [INFO] Fallo un proceso, se solicita proceso auxiliar 
[2020-05-22 18:44:43] [INFO] Proceso auxiliar en port: 9009 
[2020-05-22 18:44:43] [INFO] Se proceso parte de imagen en proceso auxiliar 
[2020-05-22 18:44:43] [INFO] Estado del puerto :9003 es : OK 
[2020-05-22 18:44:43] [INFO] Estado del puerto :9004 es : OK 
[2020-05-22 18:44:43] [INFO] Estado del puerto :9005 es : OK 
[2020-05-22 18:44:43] [INFO] Estado del puerto :9006 es : OK 
[2020-05-22 18:44:43] [INFO] Estado del puerto :9007 es : OK 
[2020-05-22 18:44:43] [INFO] Estado del puerto :9008 es : OK 
[2020-05-22 18:44:43] [INFO] Finalizo de procesar la imagen 
[2020-05-22 18:45:16] [INFO] Cliente conectado : kubernetes.docker.internal:52709 
[2020-05-22 18:45:16] [INFO] El cliente desea procesar la imagen en  : 8 partes. 
[2020-05-22 18:45:16] [INFO] Se necesitar치n : 8 PROCESOS 
[2020-05-22 18:45:16] [INFO] Crendo nueva : 0 instancia de ServidorImpl 
[2020-05-22 18:45:16] [INFO] Crendo nueva : 1 instancia de ServidorImpl 
[2020-05-22 18:45:16] [INFO] Crendo nueva : 2 instancia de ServidorImpl 
[2020-05-22 18:45:16] [INFO] Crendo nueva : 3 instancia de ServidorImpl 
[2020-05-22 18:45:16] [INFO] Crendo nueva : 4 instancia de ServidorImpl 
[2020-05-22 18:45:16] [INFO] Crendo nueva : 5 instancia de ServidorImpl 
[2020-05-22 18:45:16] [INFO] Crendo nueva : 6 instancia de ServidorImpl 
[2020-05-22 18:45:16] [INFO] Crendo nueva : 7 instancia de ServidorImpl 
[2020-05-22 18:45:16] [INFO] Registrando en puerto : 9001 
[2020-05-22 18:46:34] [INFO] Iniciando Servidor en puerto: 8000 
[2020-05-22 18:46:40] [INFO] Cliente conectado : kubernetes.docker.internal:52754 
[2020-05-22 18:46:40] [INFO] El cliente desea procesar la imagen en  : 16 partes. 
[2020-05-22 18:46:40] [INFO] Se necesitar치n : 16 PROCESOS 
[2020-05-22 18:46:40] [INFO] Crendo nueva : 0 instancia de ServidorImpl 
[2020-05-22 18:46:41] [INFO] Crendo nueva : 1 instancia de ServidorImpl 
[2020-05-22 18:46:41] [INFO] Crendo nueva : 2 instancia de ServidorImpl 
[2020-05-22 18:46:41] [INFO] Crendo nueva : 3 instancia de ServidorImpl 
[2020-05-22 18:46:41] [INFO] Crendo nueva : 4 instancia de ServidorImpl 
[2020-05-22 18:46:41] [INFO] Crendo nueva : 5 instancia de ServidorImpl 
[2020-05-22 18:46:41] [INFO] Crendo nueva : 6 instancia de ServidorImpl 
[2020-05-22 18:46:41] [INFO] Crendo nueva : 7 instancia de ServidorImpl 
[2020-05-22 18:46:41] [INFO] Crendo nueva : 8 instancia de ServidorImpl 
[2020-05-22 18:46:41] [INFO] Crendo nueva : 9 instancia de ServidorImpl 
[2020-05-22 18:46:41] [INFO] Crendo nueva : 10 instancia de ServidorImpl 
[2020-05-22 18:46:41] [INFO] Crendo nueva : 11 instancia de ServidorImpl 
[2020-05-22 18:46:41] [INFO] Crendo nueva : 12 instancia de ServidorImpl 
[2020-05-22 18:46:41] [INFO] Crendo nueva : 13 instancia de ServidorImpl 
[2020-05-22 18:46:41] [INFO] Crendo nueva : 14 instancia de ServidorImpl 
[2020-05-22 18:46:41] [INFO] Crendo nueva : 15 instancia de ServidorImpl 
[2020-05-22 18:46:41] [INFO] Registrando en puerto : 9001 
[2020-05-22 18:46:41] [INFO] Registrando en puerto : 9002 
[2020-05-22 18:46:41] [INFO] Registrando en puerto : 9003 
[2020-05-22 18:46:41] [INFO] Registrando en puerto : 9004 
[2020-05-22 18:46:41] [INFO] Registrando en puerto : 9005 
[2020-05-22 18:46:41] [INFO] Registrando en puerto : 9006 
[2020-05-22 18:46:41] [INFO] Registrando en puerto : 9007 
[2020-05-22 18:46:41] [INFO] Registrando en puerto : 9008 
[2020-05-22 18:46:41] [INFO] Registrando en puerto : 9009 
[2020-05-22 18:46:41] [INFO] Registrando en puerto : 9010 
[2020-05-22 18:46:41] [INFO] Registrando en puerto : 9011 
[2020-05-22 18:46:41] [INFO] Registrando en puerto : 9012 
[2020-05-22 18:46:41] [INFO] Registrando en puerto : 9013 
[2020-05-22 18:46:41] [INFO] Registrando en puerto : 9014 
[2020-05-22 18:46:41] [INFO] Registrando en puerto : 9015 
[2020-05-22 18:46:41] [INFO] Registrando en puerto : 9016 
[2020-05-22 18:46:41] [INFO] Estado del puerto :9001 es : OK 
[2020-05-22 18:46:41] [INFO] Forzando la falla de un proceso 
[2020-05-22 18:46:41] [INFO] Estado del puerto :9002 es : FALLA 
[2020-05-22 18:46:41] [INFO] Fallo un proceso, se solicita proceso auxiliar 
[2020-05-22 18:46:41] [INFO] Proceso auxiliar en port: 9017 
[2020-05-22 18:46:41] [INFO] Se proceso parte de imagen en proceso auxiliar 
[2020-05-22 18:46:41] [INFO] Estado del puerto :9003 es : OK 
[2020-05-22 18:46:41] [INFO] Estado del puerto :9004 es : OK 
[2020-05-22 18:46:41] [INFO] Estado del puerto :9005 es : OK 
[2020-05-22 18:46:41] [INFO] Estado del puerto :9006 es : OK 
[2020-05-22 18:46:41] [INFO] Estado del puerto :9007 es : OK 
[2020-05-22 18:46:41] [INFO] Estado del puerto :9008 es : OK 
[2020-05-22 18:46:41] [INFO] Estado del puerto :9009 es : OK 
[2020-05-22 18:46:41] [INFO] Estado del puerto :9010 es : OK 
[2020-05-22 18:46:41] [INFO] Estado del puerto :9011 es : OK 
[2020-05-22 18:46:41] [INFO] Estado del puerto :9012 es : OK 
[2020-05-22 18:46:41] [INFO] Estado del puerto :9013 es : OK 
[2020-05-22 18:46:41] [INFO] Estado del puerto :9014 es : OK 
[2020-05-22 18:46:41] [INFO] Estado del puerto :9015 es : OK 
[2020-05-22 18:46:41] [INFO] Estado del puerto :9016 es : OK 
[2020-05-22 18:46:41] [INFO] Finalizo de procesar la imagen 
[2020-05-22 18:47:11] [INFO] Cliente conectado : kubernetes.docker.internal:52780 
[2020-05-22 18:47:11] [INFO] El cliente desea procesar la imagen en  : 16 partes. 
[2020-05-22 18:47:11] [INFO] Se necesitar치n : 16 PROCESOS 
[2020-05-22 18:47:11] [INFO] Crendo nueva : 0 instancia de ServidorImpl 
[2020-05-22 18:47:11] [INFO] Crendo nueva : 1 instancia de ServidorImpl 
[2020-05-22 18:47:11] [INFO] Crendo nueva : 2 instancia de ServidorImpl 
[2020-05-22 18:47:11] [INFO] Crendo nueva : 3 instancia de ServidorImpl 
[2020-05-22 18:47:11] [INFO] Crendo nueva : 4 instancia de ServidorImpl 
[2020-05-22 18:47:11] [INFO] Crendo nueva : 5 instancia de ServidorImpl 
[2020-05-22 18:47:11] [INFO] Crendo nueva : 6 instancia de ServidorImpl 
[2020-05-22 18:47:11] [INFO] Crendo nueva : 7 instancia de ServidorImpl 
[2020-05-22 18:47:11] [INFO] Crendo nueva : 8 instancia de ServidorImpl 
[2020-05-22 18:47:11] [INFO] Crendo nueva : 9 instancia de ServidorImpl 
[2020-05-22 18:47:11] [INFO] Crendo nueva : 10 instancia de ServidorImpl 
[2020-05-22 18:47:11] [INFO] Crendo nueva : 11 instancia de ServidorImpl 
[2020-05-22 18:47:11] [INFO] Crendo nueva : 12 instancia de ServidorImpl 
[2020-05-22 18:47:11] [INFO] Crendo nueva : 13 instancia de ServidorImpl 
[2020-05-22 18:47:11] [INFO] Crendo nueva : 14 instancia de ServidorImpl 
[2020-05-22 18:47:11] [INFO] Crendo nueva : 15 instancia de ServidorImpl 
[2020-05-22 18:47:11] [INFO] Registrando en puerto : 9001 
